# JRE version: Java(TM) SE Runtime Environment (17.0.9+11) (build 17.0.9+11-LTS-201)
# Java VM: Java HotSpot(TM) 64-Bit Server VM (17.0.9+11-LTS-201, mixed mode, sharing, tiered, compressed oops, compressed class ptrs, g1 gc, windows-amd64)
GC Precious Log:
 CPUs: 8 total, 8 available
 Memory: 16067M
 Large Page Support: Disabled
 NUMA Support: Disabled
 Compressed Oops: Enabled (32-bit)
 Heap Region Size: 1M
 Heap Min Capacity: 8M
 Heap Initial Capacity: 252M
 Heap Max Capacity: 2G
 Pre-touch: Disabled
 Parallel Workers: 8
 Concurrent Workers: 2
 Concurrent Refinement Workers: 8
 Periodic GC: Disabled
Heap:
 garbage-first heap   total 258048K, used 170384K [0x0000000080000000, 0x0000000100000000)
  region size 1024K, 6 young (6144K), 3 survivors (3072K)
 Metaspace       used 96457K, committed 97408K, reserved 557056K
  class space    used 13356K, committed 13824K, reserved 425984K
GC Heap History (20 events):
Event: 53.847 GC heap before
{Heap before GC invocations=37 (full 0):
 garbage-first heap   total 216064K, used 170379K [0x0000000080000000, 0x0000000100000000)
  region size 1024K, 81 young (82944K), 8 survivors (8192K)
 Metaspace       used 83368K, committed 84224K, reserved 557056K
  class space    used 11632K, committed 12032K, reserved 425984K
}
Event: 53.862 GC heap after
{Heap after GC invocations=38 (full 0):
 garbage-first heap   total 216064K, used 109693K [0x0000000080000000, 0x0000000100000000)
  region size 1024K, 11 young (11264K), 11 survivors (11264K)
 Metaspace       used 83368K, committed 84224K, reserved 557056K
  class space    used 11632K, committed 12032K, reserved 425984K
}
Event: 55.994 GC heap before
{Heap before GC invocations=38 (full 0):
 garbage-first heap   total 216064K, used 173181K [0x0000000080000000, 0x0000000100000000)
  region size 1024K, 66 young (67584K), 11 survivors (11264K)
 Metaspace       used 84944K, committed 85824K, reserved 557056K
  class space    used 11816K, committed 12224K, reserved 425984K
}
Event: 56.012 GC heap after
{Heap after GC invocations=39 (full 0):
 garbage-first heap   total 216064K, used 127169K [0x0000000080000000, 0x0000000100000000)
  region size 1024K, 9 young (9216K), 9 survivors (9216K)
 Metaspace       used 84944K, committed 85824K, reserved 557056K
  class space    used 11816K, committed 12224K, reserved 425984K
}
Event: 58.793 GC heap before
{Heap before GC invocations=39 (full 0):
 garbage-first heap   total 216064K, used 174273K [0x0000000080000000, 0x0000000100000000)
  region size 1024K, 49 young (50176K), 9 survivors (9216K)
 Metaspace       used 86268K, committed 87168K, reserved 557056K
  class space    used 11993K, committed 12416K, reserved 425984K
}
Event: 58.805 GC heap after
{Heap after GC invocations=40 (full 0):
 garbage-first heap   total 216064K, used 142939K [0x0000000080000000, 0x0000000100000000)
  region size 1024K, 7 young (7168K), 7 survivors (7168K)
 Metaspace       used 86268K, committed 87168K, reserved 557056K
  class space    used 11993K, committed 12416K, reserved 425984K
}
Event: 59.628 GC heap before
{Heap before GC invocations=40 (full 0):
 garbage-first heap   total 216064K, used 174683K [0x0000000080000000, 0x0000000100000000)
  region size 1024K, 38 young (38912K), 7 survivors (7168K)
 Metaspace       used 88926K, committed 89856K, reserved 557056K
  class space    used 12334K, committed 12800K, reserved 425984K
}
Event: 59.638 GC heap after
{Heap after GC invocations=41 (full 0):
 garbage-first heap   total 216064K, used 147608K [0x0000000080000000, 0x0000000100000000)
  region size 1024K, 4 young (4096K), 4 survivors (4096K)
 Metaspace       used 88926K, committed 89856K, reserved 557056K
  class space    used 12334K, committed 12800K, reserved 425984K
}
Event: 60.496 GC heap before
{Heap before GC invocations=41 (full 0):
 garbage-first heap   total 216064K, used 177304K [0x0000000080000000, 0x0000000100000000)
  region size 1024K, 33 young (33792K), 4 survivors (4096K)
 Metaspace       used 89531K, committed 90432K, reserved 557056K
  class space    used 12433K, committed 12864K, reserved 425984K
}
Event: 60.510 GC heap after
{Heap after GC invocations=42 (full 0):
 garbage-first heap   total 216064K, used 153554K [0x0000000080000000, 0x0000000100000000)
  region size 1024K, 5 young (5120K), 5 survivors (5120K)
 Metaspace       used 89531K, committed 90432K, reserved 557056K
  class space    used 12433K, committed 12864K, reserved 425984K
}
Event: 61.238 GC heap before
{Heap before GC invocations=42 (full 0):
 garbage-first heap   total 216064K, used 178130K [0x0000000080000000, 0x0000000100000000)
  region size 1024K, 30 young (30720K), 5 survivors (5120K)
 Metaspace       used 91066K, committed 92032K, reserved 557056K
  class space    used 12668K, committed 13120K, reserved 425984K
}
Event: 61.246 GC heap after
{Heap after GC invocations=43 (full 0):
 garbage-first heap   total 216064K, used 155768K [0x0000000080000000, 0x0000000100000000)
  region size 1024K, 2 young (2048K), 2 survivors (2048K)
 Metaspace       used 91066K, committed 92032K, reserved 557056K
  class space    used 12668K, committed 13120K, reserved 425984K
}
Event: 61.752 GC heap before
{Heap before GC invocations=43 (full 0):
 garbage-first heap   total 216064K, used 180344K [0x0000000080000000, 0x0000000100000000)
  region size 1024K, 26 young (26624K), 2 survivors (2048K)
 Metaspace       used 92448K, committed 93376K, reserved 557056K
  class space    used 12858K, committed 13312K, reserved 425984K
}
Event: 61.757 GC heap after
{Heap after GC invocations=44 (full 0):
 garbage-first heap   total 216064K, used 156777K [0x0000000080000000, 0x0000000100000000)
  region size 1024K, 3 young (3072K), 3 survivors (3072K)
 Metaspace       used 92448K, committed 93376K, reserved 557056K
  class space    used 12858K, committed 13312K, reserved 425984K
}
Event: 62.573 GC heap before
{Heap before GC invocations=44 (full 0):
 garbage-first heap   total 216064K, used 182377K [0x0000000080000000, 0x0000000100000000)
  region size 1024K, 28 young (28672K), 3 survivors (3072K)
 Metaspace       used 94328K, committed 95296K, reserved 557056K
  class space    used 13099K, committed 13568K, reserved 425984K
}
Event: 62.579 GC heap after
{Heap after GC invocations=45 (full 0):
 garbage-first heap   total 216064K, used 159272K [0x0000000080000000, 0x0000000100000000)
  region size 1024K, 4 young (4096K), 4 survivors (4096K)
 Metaspace       used 94328K, committed 95296K, reserved 557056K
  class space    used 13099K, committed 13568K, reserved 425984K
}
Event: 63.302 GC heap before
{Heap before GC invocations=45 (full 0):
 garbage-first heap   total 216064K, used 183848K [0x0000000080000000, 0x0000000100000000)
  region size 1024K, 28 young (28672K), 4 survivors (4096K)
 Metaspace       used 95197K, committed 96128K, reserved 557056K
  class space    used 13223K, committed 13696K, reserved 425984K
}
Event: 63.311 GC heap after
{Heap after GC invocations=46 (full 0):
 garbage-first heap   total 216064K, used 163310K [0x0000000080000000, 0x0000000100000000)
  region size 1024K, 4 young (4096K), 4 survivors (4096K)
 Metaspace       used 95197K, committed 96128K, reserved 557056K
  class space    used 13223K, committed 13696K, reserved 425984K
}
Event: 64.136 GC heap before
{Heap before GC invocations=46 (full 0):
 garbage-first heap   total 216064K, used 183790K [0x0000000080000000, 0x0000000100000000)
  region size 1024K, 24 young (24576K), 4 survivors (4096K)
 Metaspace       used 96138K, committed 97088K, reserved 557056K
  class space    used 13323K, committed 13824K, reserved 425984K
}
Event: 64.148 GC heap after
{Heap after GC invocations=47 (full 0):
 garbage-first heap   total 216064K, used 168336K [0x0000000080000000, 0x0000000100000000)
  region size 1024K, 3 young (3072K), 3 survivors (3072K)
 Metaspace       used 96138K, committed 97088K, reserved 557056K
  class space    used 13323K, committed 13824K, reserved 425984K
}

