# JRE version: Java(TM) SE Runtime Environment (17.0.9+11) (build 17.0.9+11-LTS-201)
# Java VM: Java HotSpot(TM) 64-Bit Server VM (17.0.9+11-LTS-201, mixed mode, sharing, tiered, compressed oops, compressed class ptrs, g1 gc, windows-amd64)
GC Precious Log:
 CPUs: 8 total, 8 available
 Memory: 16067M
 Large Page Support: Disabled
 NUMA Support: Disabled
 Compressed Oops: Enabled (32-bit)
 Heap Region Size: 1M
 Heap Min Capacity: 8M
 Heap Initial Capacity: 252M
 Heap Max Capacity: 2G
 Pre-touch: Disabled
 Parallel Workers: 8
 Concurrent Workers: 2
 Concurrent Refinement Workers: 8
 Periodic GC: Disabled
Heap:
 garbage-first heap   total 81920K, used 49469K [0x0000000080000000, 0x0000000100000000)
  region size 1024K, 1 young (1024K), 1 survivors (1024K)
 Metaspace       used 53270K, committed 53888K, reserved 491520K
  class space    used 7327K, committed 7616K, reserved 425984K
GC Heap History (20 events):
Event: 12.529 GC heap after
{Heap after GC invocations=5 (full 0):
 garbage-first heap   total 81920K, used 26619K [0x0000000080000000, 0x0000000100000000)
  region size 1024K, 5 young (5120K), 5 survivors (5120K)
 Metaspace       used 28793K, committed 29184K, reserved 491520K
  class space    used 4034K, committed 4224K, reserved 425984K
}
Event: 13.354 GC heap before
{Heap before GC invocations=5 (full 0):
 garbage-first heap   total 81920K, used 59387K [0x0000000080000000, 0x0000000100000000)
  region size 1024K, 35 young (35840K), 5 survivors (5120K)
 Metaspace       used 31520K, committed 31936K, reserved 491520K
  class space    used 4337K, committed 4544K, reserved 425984K
}
Event: 13.364 GC heap after
{Heap after GC invocations=6 (full 0):
 garbage-first heap   total 81920K, used 28993K [0x0000000080000000, 0x0000000100000000)
  region size 1024K, 4 young (4096K), 4 survivors (4096K)
 Metaspace       used 31520K, committed 31936K, reserved 491520K
  class space    used 4337K, committed 4544K, reserved 425984K
}
Event: 26.419 GC heap before
{Heap before GC invocations=6 (full 0):
 garbage-first heap   total 81920K, used 58689K [0x0000000080000000, 0x0000000100000000)
  region size 1024K, 33 young (33792K), 4 survivors (4096K)
 Metaspace       used 32554K, committed 33024K, reserved 491520K
  class space    used 4477K, committed 4672K, reserved 425984K
}
Event: 26.427 GC heap after
{Heap after GC invocations=7 (full 0):
 garbage-first heap   total 81920K, used 31189K [0x0000000080000000, 0x0000000100000000)
  region size 1024K, 3 young (3072K), 3 survivors (3072K)
 Metaspace       used 32554K, committed 33024K, reserved 491520K
  class space    used 4477K, committed 4672K, reserved 425984K
}
Event: 27.761 GC heap before
{Heap before GC invocations=7 (full 0):
 garbage-first heap   total 81920K, used 59861K [0x0000000080000000, 0x0000000100000000)
  region size 1024K, 31 young (31744K), 3 survivors (3072K)
 Metaspace       used 35411K, committed 35968K, reserved 491520K
  class space    used 4823K, committed 5056K, reserved 425984K
}
Event: 27.768 GC heap after
{Heap after GC invocations=8 (full 0):
 garbage-first heap   total 81920K, used 32994K [0x0000000080000000, 0x0000000100000000)
  region size 1024K, 2 young (2048K), 2 survivors (2048K)
 Metaspace       used 35411K, committed 35968K, reserved 491520K
  class space    used 4823K, committed 5056K, reserved 425984K
}
Event: 27.795 GC heap before
{Heap before GC invocations=8 (full 0):
 garbage-first heap   total 81920K, used 32994K [0x0000000080000000, 0x0000000100000000)
  region size 1024K, 3 young (3072K), 2 survivors (2048K)
 Metaspace       used 35476K, committed 35968K, reserved 491520K
  class space    used 4839K, committed 5056K, reserved 425984K
}
Event: 27.801 GC heap after
{Heap after GC invocations=9 (full 0):
 garbage-first heap   total 81920K, used 33112K [0x0000000080000000, 0x0000000100000000)
  region size 1024K, 2 young (2048K), 2 survivors (2048K)
 Metaspace       used 35476K, committed 35968K, reserved 491520K
  class space    used 4839K, committed 5056K, reserved 425984K
}
Event: 28.654 GC heap before
{Heap before GC invocations=10 (full 0):
 garbage-first heap   total 81920K, used 60760K [0x0000000080000000, 0x0000000100000000)
  region size 1024K, 30 young (30720K), 2 survivors (2048K)
 Metaspace       used 38863K, committed 39360K, reserved 491520K
  class space    used 5408K, committed 5632K, reserved 425984K
}
Event: 28.659 GC heap after
{Heap after GC invocations=11 (full 0):
 garbage-first heap   total 81920K, used 34744K [0x0000000080000000, 0x0000000100000000)
  region size 1024K, 4 young (4096K), 4 survivors (4096K)
 Metaspace       used 38863K, committed 39360K, reserved 491520K
  class space    used 5408K, committed 5632K, reserved 425984K
}
Event: 29.829 GC heap before
{Heap before GC invocations=11 (full 0):
 garbage-first heap   total 81920K, used 61368K [0x0000000080000000, 0x0000000100000000)
  region size 1024K, 31 young (31744K), 4 survivors (4096K)
 Metaspace       used 42083K, committed 42624K, reserved 491520K
  class space    used 5868K, committed 6080K, reserved 425984K
}
Event: 29.834 GC heap after
{Heap after GC invocations=12 (full 0):
 garbage-first heap   total 81920K, used 36228K [0x0000000080000000, 0x0000000100000000)
  region size 1024K, 4 young (4096K), 4 survivors (4096K)
 Metaspace       used 42083K, committed 42624K, reserved 491520K
  class space    used 5868K, committed 6080K, reserved 425984K
}
Event: 32.491 GC heap before
{Heap before GC invocations=12 (full 0):
 garbage-first heap   total 81920K, used 64900K [0x0000000080000000, 0x0000000100000000)
  region size 1024K, 31 young (31744K), 4 survivors (4096K)
 Metaspace       used 48727K, committed 49344K, reserved 491520K
  class space    used 6682K, committed 6976K, reserved 425984K
}
Event: 32.510 GC heap after
{Heap after GC invocations=13 (full 0):
 garbage-first heap   total 81920K, used 41648K [0x0000000080000000, 0x0000000100000000)
  region size 1024K, 4 young (4096K), 4 survivors (4096K)
 Metaspace       used 48727K, committed 49344K, reserved 491520K
  class space    used 6682K, committed 6976K, reserved 425984K
}
Event: 32.537 GC heap before
{Heap before GC invocations=13 (full 0):
 garbage-first heap   total 81920K, used 41648K [0x0000000080000000, 0x0000000100000000)
  region size 1024K, 5 young (5120K), 4 survivors (4096K)
 Metaspace       used 48753K, committed 49344K, reserved 491520K
  class space    used 6685K, committed 6976K, reserved 425984K
}
Event: 32.543 GC heap after
{Heap after GC invocations=14 (full 0):
 garbage-first heap   total 81920K, used 42635K [0x0000000080000000, 0x0000000100000000)
  region size 1024K, 1 young (1024K), 1 survivors (1024K)
 Metaspace       used 48753K, committed 49344K, reserved 491520K
  class space    used 6685K, committed 6976K, reserved 425984K
}
Event: 33.144 GC heap before
{Heap before GC invocations=15 (full 0):
 garbage-first heap   total 81920K, used 64139K [0x0000000080000000, 0x0000000100000000)
  region size 1024K, 19 young (19456K), 1 survivors (1024K)
 Metaspace       used 51556K, committed 52160K, reserved 491520K
  class space    used 7041K, committed 7296K, reserved 425984K
}
Event: 33.148 GC heap after
{Heap after GC invocations=16 (full 0):
 garbage-first heap   total 81920K, used 48674K [0x0000000080000000, 0x0000000100000000)
  region size 1024K, 3 young (3072K), 3 survivors (3072K)
 Metaspace       used 51556K, committed 52160K, reserved 491520K
  class space    used 7041K, committed 7296K, reserved 425984K
}
Event: 33.555 GC heap before
{Heap before GC invocations=16 (full 0):
 garbage-first heap   total 81920K, used 64034K [0x0000000080000000, 0x0000000100000000)
  region size 1024K, 18 young (18432K), 3 survivors (3072K)
 Metaspace       used 53270K, committed 53888K, reserved 491520K
  class space    used 7327K, committed 7616K, reserved 425984K
}

